# JRE version: OpenJDK Runtime Environment (21.0.1+12) (build 21.0.1+12-29)
# Java VM: OpenJDK 64-Bit Server VM (21.0.1+12-29, mixed mode, sharing, tiered, compressed oops, compressed class ptrs, g1 gc, windows-amd64)
GC Precious Log:
 CardTable entry size: 512
 Card Set container configuration: InlinePtr #cards 5 size 8 Array Of Cards #cards 12 size 40 Howl #buckets 4 coarsen threshold 1843 Howl Bitmap #cards 512 size 80 coarsen threshold 460 Card regions per heap region 1 cards per card region 2048
 CPUs: 4 total, 4 available
 Memory: 3447M
 Large Page Support: Disabled
 NUMA Support: Disabled
 Compressed Oops: Enabled (32-bit)
 Heap Region Size: 1M
 Heap Min Capacity: 8M
 Heap Initial Capacity: 54M
 Heap Max Capacity: 862M
 Pre-touch: Disabled
 Parallel Workers: 4
 Concurrent Workers: 1
 Concurrent Refinement Workers: 4
 Periodic GC: Disabled
Heap:
 garbage-first heap   total 55296K, used 23090K [0x00000000ca200000, 0x0000000100000000)
  region size 1024K, 7 young (7168K), 2 survivors (2048K)
 Metaspace       used 36514K, committed 37056K, reserved 1114112K
  class space    used 4817K, committed 5056K, reserved 1048576K
GC Heap History (16 events):
Event: 1.603 GC heap before
{Heap before GC invocations=0 (full 0):
 garbage-first heap   total 55296K, used 14336K [0x00000000ca200000, 0x0000000100000000)
  region size 1024K, 13 young (13312K), 0 survivors (0K)
 Metaspace       used 3848K, committed 4096K, reserved 1114112K
  class space    used 395K, committed 512K, reserved 1048576K
}
Event: 1.609 GC heap after
{Heap after GC invocations=1 (full 0):
 garbage-first heap   total 55296K, used 6896K [0x00000000ca200000, 0x0000000100000000)
  region size 1024K, 2 young (2048K), 2 survivors (2048K)
 Metaspace       used 3848K, committed 4096K, reserved 1114112K
  class space    used 395K, committed 512K, reserved 1048576K
}
Event: 2.273 GC heap before
{Heap before GC invocations=1 (full 0):
 garbage-first heap   total 55296K, used 21232K [0x00000000ca200000, 0x0000000100000000)
  region size 1024K, 16 young (16384K), 2 survivors (2048K)
 Metaspace       used 7906K, committed 8128K, reserved 1114112K
  class space    used 932K, committed 1024K, reserved 1048576K
}
Event: 2.279 GC heap after
{Heap after GC invocations=2 (full 0):
 garbage-first heap   total 55296K, used 8337K [0x00000000ca200000, 0x0000000100000000)
  region size 1024K, 2 young (2048K), 2 survivors (2048K)
 Metaspace       used 7906K, committed 8128K, reserved 1114112K
  class space    used 932K, committed 1024K, reserved 1048576K
}
Event: 3.648 GC heap before
{Heap before GC invocations=2 (full 0):
 garbage-first heap   total 55296K, used 35985K [0x00000000ca200000, 0x0000000100000000)
  region size 1024K, 30 young (30720K), 2 survivors (2048K)
 Metaspace       used 15689K, committed 16000K, reserved 1114112K
  class space    used 1908K, committed 2048K, reserved 1048576K
}
Event: 3.652 GC heap after
{Heap after GC invocations=3 (full 0):
 garbage-first heap   total 55296K, used 10345K [0x00000000ca200000, 0x0000000100000000)
  region size 1024K, 4 young (4096K), 4 survivors (4096K)
 Metaspace       used 15689K, committed 16000K, reserved 1114112K
  class space    used 1908K, committed 2048K, reserved 1048576K
}
Event: 4.969 GC heap before
{Heap before GC invocations=3 (full 0):
 garbage-first heap   total 55296K, used 39017K [0x00000000ca200000, 0x0000000100000000)
  region size 1024K, 32 young (32768K), 4 survivors (4096K)
 Metaspace       used 20141K, committed 20480K, reserved 1114112K
  class space    used 2421K, committed 2560K, reserved 1048576K
}
Event: 4.978 GC heap after
{Heap after GC invocations=4 (full 0):
 garbage-first heap   total 55296K, used 13492K [0x00000000ca200000, 0x0000000100000000)
  region size 1024K, 4 young (4096K), 4 survivors (4096K)
 Metaspace       used 20141K, committed 20480K, reserved 1114112K
  class space    used 2421K, committed 2560K, reserved 1048576K
}
Event: 5.396 GC heap before
{Heap before GC invocations=4 (full 0):
 garbage-first heap   total 55296K, used 19636K [0x00000000ca200000, 0x0000000100000000)
  region size 1024K, 11 young (11264K), 4 survivors (4096K)
 Metaspace       used 21209K, committed 21504K, reserved 1114112K
  class space    used 2558K, committed 2688K, reserved 1048576K
}
Event: 5.402 GC heap after
{Heap after GC invocations=5 (full 0):
 garbage-first heap   total 55296K, used 14136K [0x00000000ca200000, 0x0000000100000000)
  region size 1024K, 1 young (1024K), 1 survivors (1024K)
 Metaspace       used 21209K, committed 21504K, reserved 1114112K
  class space    used 2558K, committed 2688K, reserved 1048576K
}
Event: 7.136 GC heap before
{Heap before GC invocations=6 (full 0):
 garbage-first heap   total 55296K, used 42808K [0x00000000ca200000, 0x0000000100000000)
  region size 1024K, 30 young (30720K), 1 survivors (1024K)
 Metaspace       used 27223K, committed 27712K, reserved 1114112K
  class space    used 3412K, committed 3648K, reserved 1048576K
}
Event: 7.143 GC heap after
{Heap after GC invocations=7 (full 0):
 garbage-first heap   total 55296K, used 17274K [0x00000000ca200000, 0x0000000100000000)
  region size 1024K, 4 young (4096K), 4 survivors (4096K)
 Metaspace       used 27223K, committed 27712K, reserved 1114112K
  class space    used 3412K, committed 3648K, reserved 1048576K
}
Event: 8.180 GC heap before
{Heap before GC invocations=7 (full 0):
 garbage-first heap   total 55296K, used 43898K [0x00000000ca200000, 0x0000000100000000)
  region size 1024K, 31 young (31744K), 4 survivors (4096K)
 Metaspace       used 33851K, committed 34368K, reserved 1114112K
  class space    used 4347K, committed 4608K, reserved 1048576K
}
Event: 8.186 GC heap after
{Heap after GC invocations=8 (full 0):
 garbage-first heap   total 55296K, used 18846K [0x00000000ca200000, 0x0000000100000000)
  region size 1024K, 2 young (2048K), 2 survivors (2048K)
 Metaspace       used 33851K, committed 34368K, reserved 1114112K
  class space    used 4347K, committed 4608K, reserved 1048576K
}
Event: 8.377 GC heap before
{Heap before GC invocations=8 (full 0):
 garbage-first heap   total 55296K, used 24990K [0x00000000ca200000, 0x0000000100000000)
  region size 1024K, 9 young (9216K), 2 survivors (2048K)
 Metaspace       used 35438K, committed 35968K, reserved 1114112K
  class space    used 4641K, committed 4928K, reserved 1048576K
}
Event: 8.380 GC heap after
{Heap after GC invocations=9 (full 0):
 garbage-first heap   total 55296K, used 18994K [0x00000000ca200000, 0x0000000100000000)
  region size 1024K, 2 young (2048K), 2 survivors (2048K)
 Metaspace       used 35438K, committed 35968K, reserved 1114112K
  class space    used 4641K, committed 4928K, reserved 1048576K
}

